<?xml version="1.0" encoding="UTF-8"?>
<!-- Generated by org.testng.reporters.JUnitReportReporter -->
<testsuite hostname="ID-0769" name="com.deere.testCases.WebFormsTestCases" tests="2" failures="1" timestamp="4 Jul 2018 14:00:42 GMT" time="345.284" errors="1">
  <testcase name="test_TC6596_CreateWebFormForR4AgCC" time="144.792" classname="com.deere.testCases.WebFormsTestCases">
    <failure type="org.openqa.selenium.WebDriverException" message="unknown error: Element &lt;button data-test-id=&quot;2018032009190808117329&quot; data-ctl=&quot;&quot; data-click=&quot;[[&amp;quot;refresh&amp;quot;, [&amp;quot;otherSection&amp;quot;,&amp;quot;Webform&amp;quot;, &amp;quot;&amp;quot;, &amp;quot;&amp;amp;=&amp;quot;, &amp;quot;&amp;quot;, &amp;quot;...MashUp,&amp;quot;,&amp;quot;:event&amp;quot;,&amp;quot;&amp;quot;,&amp;quot;pyWorkPage&amp;quot;]],[&amp;quot;runActivity&amp;quot;, [&amp;quot;ClearAttachments&amp;quot;, &amp;quot;pzInsKey=&amp;amp;LinkedRefKey=&amp;amp;count=&amp;quot;, &amp;quot;pyWorkPage&amp;quot;, &amp;quot;:event&amp;quot;, &amp;quot;&amp;quot;]],[&amp;quot;refresh&amp;quot;, [&amp;quot;otherSection&amp;quot;,&amp;quot;MKTCaseAttachments&amp;quot;, &amp;quot;&amp;quot;, &amp;quot;&amp;amp;=&amp;quot;, &amp;quot;&amp;quot;, &amp;quot;,&amp;quot;,&amp;quot;:event&amp;quot;,&amp;quot;&amp;quot;,&amp;quot;pyWorkPage&amp;quot;]]]&quot; name=&quot;WebformButtons_pyWorkPage_2&quot; class=&quot;Simple pzhc pzbutton&quot; type=&quot;button&quot; style=&quot;&quot;&gt;Clear&lt;/button&gt; is not clickable at point (738, 582). Other element would receive the click: &lt;div class=&quot;modal-align-cell jd_fixed_sized_2_modal&quot;&gt;...&lt;/div&gt;
  (Session info: chrome=67.0.3396.99)
  (Driver info: chromedriver=2.38.552522 (437e6fbedfa8762dec75e2c5b3ddb86763dc9dcb),platform=Windows NT 6.3.9600 x86_64) (WARNING: The server did not provide any stacktrace information)
Command duration or timeout: 0 milliseconds
Build info: version: &#039;3.5.3&#039;, revision: &#039;a88d25fe6b&#039;, time: &#039;2017-08-29T12:42:44.417Z&#039;
System info: host: &#039;ID-0769&#039;, ip: &#039;172.18.2.95&#039;, os.name: &#039;Windows 8.1&#039;, os.arch: &#039;x86&#039;, os.version: &#039;6.3&#039;, java.version: &#039;1.8.0_172&#039;
Driver info: org.openqa.selenium.chrome.ChromeDriver
Capabilities [{mobileEmulationEnabled=false, hasTouchScreen=false, platform=WIN8_1, acceptSslCerts=false, acceptInsecureCerts=false, webStorageEnabled=true, browserName=chrome, takesScreenshot=true, javascriptEnabled=true, platformName=WIN8_1, setWindowRect=true, unexpectedAlertBehaviour=, applicationCacheEnabled=false, rotatable=false, networkConnectionEnabled=false, chrome={chromedriverVersion=2.38.552522 (437e6fbedfa8762dec75e2c5b3ddb86763dc9dcb), userDataDir=C:\Users\laharip\AppData\Local\Temp\scoped_dir10676_14318}, takesHeapSnapshot=true, pageLoadStrategy=normal, unhandledPromptBehavior=, databaseEnabled=false, handlesAlerts=true, version=67.0.3396.99, browserConnectionEnabled=false, nativeEvents=true, locationContextEnabled=true, cssSelectorsEnabled=true}]
Session ID: 923e4971991f4ce8524e8fcf09194662">
      <![CDATA[org.openqa.selenium.WebDriverException: unknown error: Element <button data-test-id="2018032009190808117329" data-ctl="" data-click="[[&quot;refresh&quot;, [&quot;otherSection&quot;,&quot;Webform&quot;, &quot;&quot;, &quot;&amp;=&quot;, &quot;&quot;, &quot;...MashUp,&quot;,&quot;:event&quot;,&quot;&quot;,&quot;pyWorkPage&quot;]],[&quot;runActivity&quot;, [&quot;ClearAttachments&quot;, &quot;pzInsKey=&amp;LinkedRefKey=&amp;count=&quot;, &quot;pyWorkPage&quot;, &quot;:event&quot;, &quot;&quot;]],[&quot;refresh&quot;, [&quot;otherSection&quot;,&quot;MKTCaseAttachments&quot;, &quot;&quot;, &quot;&amp;=&quot;, &quot;&quot;, &quot;,&quot;,&quot;:event&quot;,&quot;&quot;,&quot;pyWorkPage&quot;]]]" name="WebformButtons_pyWorkPage_2" class="Simple pzhc pzbutton" type="button" style="">Clear</button> is not clickable at point (738, 582). Other element would receive the click: <div class="modal-align-cell jd_fixed_sized_2_modal">...</div>
  (Session info: chrome=67.0.3396.99)
  (Driver info: chromedriver=2.38.552522 (437e6fbedfa8762dec75e2c5b3ddb86763dc9dcb),platform=Windows NT 6.3.9600 x86_64) (WARNING: The server did not provide any stacktrace information)
Command duration or timeout: 0 milliseconds
Build info: version: '3.5.3', revision: 'a88d25fe6b', time: '2017-08-29T12:42:44.417Z'
System info: host: 'ID-0769', ip: '172.18.2.95', os.name: 'Windows 8.1', os.arch: 'x86', os.version: '6.3', java.version: '1.8.0_172'
Driver info: org.openqa.selenium.chrome.ChromeDriver
Capabilities [{mobileEmulationEnabled=false, hasTouchScreen=false, platform=WIN8_1, acceptSslCerts=false, acceptInsecureCerts=false, webStorageEnabled=true, browserName=chrome, takesScreenshot=true, javascriptEnabled=true, platformName=WIN8_1, setWindowRect=true, unexpectedAlertBehaviour=, applicationCacheEnabled=false, rotatable=false, networkConnectionEnabled=false, chrome={chromedriverVersion=2.38.552522 (437e6fbedfa8762dec75e2c5b3ddb86763dc9dcb), userDataDir=C:\Users\laharip\AppData\Local\Temp\scoped_dir10676_14318}, takesHeapSnapshot=true, pageLoadStrategy=normal, unhandledPromptBehavior=, databaseEnabled=false, handlesAlerts=true, version=67.0.3396.99, browserConnectionEnabled=false, nativeEvents=true, locationContextEnabled=true, cssSelectorsEnabled=true}]
Session ID: 923e4971991f4ce8524e8fcf09194662
	at sun.reflect.NativeConstructorAccessorImpl.newInstance0(Native Method)
	at sun.reflect.NativeConstructorAccessorImpl.newInstance(Unknown Source)
	at sun.reflect.DelegatingConstructorAccessorImpl.newInstance(Unknown Source)
	at java.lang.reflect.Constructor.newInstance(Unknown Source)
	at org.openqa.selenium.remote.ErrorHandler.createThrowable(ErrorHandler.java:215)
	at org.openqa.selenium.remote.ErrorHandler.throwIfResponseFailed(ErrorHandler.java:167)
	at org.openqa.selenium.remote.http.JsonHttpResponseCodec.reconstructValue(JsonHttpResponseCodec.java:40)
	at org.openqa.selenium.remote.http.AbstractHttpResponseCodec.decode(AbstractHttpResponseCodec.java:82)
	at org.openqa.selenium.remote.http.AbstractHttpResponseCodec.decode(AbstractHttpResponseCodec.java:45)
	at org.openqa.selenium.remote.HttpCommandExecutor.execute(HttpCommandExecutor.java:164)
	at org.openqa.selenium.remote.service.DriverCommandExecutor.execute(DriverCommandExecutor.java:82)
	at org.openqa.selenium.remote.RemoteWebDriver.execute(RemoteWebDriver.java:646)
	at org.openqa.selenium.remote.RemoteWebElement.execute(RemoteWebElement.java:275)
	at org.openqa.selenium.remote.RemoteWebElement.click(RemoteWebElement.java:82)
	at sun.reflect.NativeMethodAccessorImpl.invoke0(Native Method)
	at sun.reflect.NativeMethodAccessorImpl.invoke(Unknown Source)
	at sun.reflect.DelegatingMethodAccessorImpl.invoke(Unknown Source)
	at java.lang.reflect.Method.invoke(Unknown Source)
	at org.openqa.selenium.support.pagefactory.internal.LocatingElementHandler.invoke(LocatingElementHandler.java:51)
	at com.sun.proxy.$Proxy11.click(Unknown Source)
	at com.deere.webformpages.R4_AgCCWebFormSubmissionPage.clickOnClearButton(R4_AgCCWebFormSubmissionPage.java:247)
	at com.deere.global.FunctionalMethods.clickOnClearButton(FunctionalMethods.java:1401)
	at com.deere.testCases.WebFormsTestCases.test_TC6596_CreateWebFormForR4AgCC(WebFormsTestCases.java:337)
	at sun.reflect.NativeMethodAccessorImpl.invoke0(Native Method)
	at sun.reflect.NativeMethodAccessorImpl.invoke(Unknown Source)
	at sun.reflect.DelegatingMethodAccessorImpl.invoke(Unknown Source)
	at java.lang.reflect.Method.invoke(Unknown Source)
	at org.testng.internal.MethodInvocationHelper.invokeMethod(MethodInvocationHelper.java:84)
	at org.testng.internal.Invoker.invokeMethod(Invoker.java:714)
	at org.testng.internal.Invoker.invokeTestMethod(Invoker.java:901)
	at org.testng.internal.Invoker.invokeTestMethods(Invoker.java:1231)
	at org.testng.internal.TestMethodWorker.invokeTestMethods(TestMethodWorker.java:127)
	at org.testng.internal.TestMethodWorker.run(TestMethodWorker.java:111)
	at java.util.concurrent.ThreadPoolExecutor.runWorker(Unknown Source)
	at java.util.concurrent.ThreadPoolExecutor$Worker.run(Unknown Source)
	at java.lang.Thread.run(Unknown Source)
]]>
    </failure>
  </testcase> <!-- test_TC6596_CreateWebFormForR4AgCC -->
  <testcase name="test_TC6859_CreateWebFormForR4AgCC_Negative" time="200.492" classname="com.deere.testCases.WebFormsTestCases">
    <error type="java.lang.AssertionError" message="Final Message with CaseID is not Displayed expected [true] but found [false]">
      <![CDATA[java.lang.AssertionError: Final Message with CaseID is not Displayed expected [true] but found [false]
	at org.testng.Assert.fail(Assert.java:94)
	at org.testng.Assert.failNotEquals(Assert.java:494)
	at org.testng.Assert.assertTrue(Assert.java:42)
	at com.deere.global.CommonFunctions.assertTrue(CommonFunctions.java:1090)
	at com.deere.testCases.WebFormsTestCases.test_TC6859_CreateWebFormForR4AgCC_Negative(WebFormsTestCases.java:508)
	at sun.reflect.NativeMethodAccessorImpl.invoke0(Native Method)
	at sun.reflect.NativeMethodAccessorImpl.invoke(Unknown Source)
	at sun.reflect.DelegatingMethodAccessorImpl.invoke(Unknown Source)
	at java.lang.reflect.Method.invoke(Unknown Source)
	at org.testng.internal.MethodInvocationHelper.invokeMethod(MethodInvocationHelper.java:84)
	at org.testng.internal.Invoker.invokeMethod(Invoker.java:714)
	at org.testng.internal.Invoker.invokeTestMethod(Invoker.java:901)
	at org.testng.internal.Invoker.invokeTestMethods(Invoker.java:1231)
	at org.testng.internal.TestMethodWorker.invokeTestMethods(TestMethodWorker.java:127)
	at org.testng.internal.TestMethodWorker.run(TestMethodWorker.java:111)
	at java.util.concurrent.ThreadPoolExecutor.runWorker(Unknown Source)
	at java.util.concurrent.ThreadPoolExecutor$Worker.run(Unknown Source)
	at java.lang.Thread.run(Unknown Source)
]]>
    </error>
  </testcase> <!-- test_TC6859_CreateWebFormForR4AgCC_Negative -->
</testsuite> <!-- com.deere.testCases.WebFormsTestCases -->
